[main] INFO  net.AutomationPHP.AutomationPHP.Sign_Up  - Registration for signup page
[main] INFO  net.AutomationPHP.AutomationPHP.Log_In  - Registration for login page 
[main] INFO  net.AutomationPHP.AutomationPHP.Hotel_Search  - Search for Hotel
[main] INFO  net.AutomationPHP.AutomationPHP.Flight_Search  - Search for Flight
[main] INFO  net.AutomationPHP.AutomationPHP.Hotel_Search  - Search for Hotel
[main] INFO  net.AutomationPHP.AutomationPHP.Tours_Search  - Search for Tour
[main] INFO  net.AutomationPHP.AutomationPHP.Log_In  - Registration for login page 
[main] INFO  net.AutomationPHP.AutomationPHP.Hotel_Search  - Search for Hotel
[main] INFO  net.AutomationPHP.AutomationPHP.Tours_Search  - Search for Tour
[main] INFO  net.AutomationPHP.AutomationPHP.Sign_Up  - Registration for signup page
[main] INFO  net.AutomationPHP.AutomationPHP.Sign_Up  - Registration for signup page
[main] INFO  net.AutomationPHP.AutomationPHP.Sign_Up  - Registration for signup page
[main] INFO  net.AutomationPHP.AutomationPHP.Sign_Up  - Registration for signup page
[main] INFO  net.AutomationPHP.AutomationPHP.Log_In  - Registration for login page 
[main] INFO  net.AutomationPHP.AutomationPHP.Sign_Up  - Registration for signup page
[main] INFO  net.AutomationPHP.AutomationPHP.Sign_Up  - Registration for signup page
[main] INFO  net.AutomationPHP.AutomationPHP.Hotel_Search  - Search for Hotel
[main] INFO  net.AutomationPHP.AutomationPHP.Tours_Search  - Search for Tour
[main] INFO  net.AutomationPHP.AutomationPHP.Sign_Up  - Registration for signup page
[main] INFO  net.AutomationPHP.AutomationPHP.Hotel_Search  - Search for Hotel
[main] INFO  net.AutomationPHP.AutomationPHP.Log_In  - Registration for login page 
[main] INFO  net.AutomationPHP.AutomationPHP.Log_In  - Registration for login page 
[main] INFO  net.AutomationPHP.AutomationPHP.Hotel_Search  - Search for Hotel
[main] INFO  net.AutomationPHP.AutomationPHP.Tours_Search  - Search for Tour
[main] INFO  net.AutomationPHP.AutomationPHP.Hotel_Search  - Search for Hotel
